{"/home/jamezjaz/Microverse_Projects/Testing_Practice/add.js": {"path":"/home/jamezjaz/Microverse_Projects/Testing_Practice/add.js","statementMap":{"0":{"start":{"line":1,"column":12},"end":{"line":1,"column":27}},"1":{"start":{"line":1,"column":22},"end":{"line":1,"column":27}},"2":{"start":{"line":3,"column":0},"end":{"line":3,"column":21}}},"fnMap":{"0":{"name":"(anonymous_0)","decl":{"start":{"line":1,"column":12},"end":{"line":1,"column":13}},"loc":{"start":{"line":1,"column":22},"end":{"line":1,"column":27}},"line":1}},"branchMap":{},"s":{"0":1,"1":2,"2":1},"f":{"0":2},"b":{},"_coverageSchema":"1a1c01bbd47fc00a2c39e90264f33305004495a9","hash":"6f14c5db1c1094d134a4db0900d333f6de546d65"}
,"/home/jamezjaz/Microverse_Projects/Testing_Practice/capitalize.js": {"path":"/home/jamezjaz/Microverse_Projects/Testing_Practice/capitalize.js","statementMap":{"0":{"start":{"line":3,"column":19},"end":{"line":3,"column":79}},"1":{"start":{"line":3,"column":31},"end":{"line":3,"column":79}},"2":{"start":{"line":4,"column":0},"end":{"line":4,"column":28}},"3":{"start":{"line":5,"column":0},"end":{"line":5,"column":28}}},"fnMap":{"0":{"name":"(anonymous_0)","decl":{"start":{"line":3,"column":19},"end":{"line":3,"column":20}},"loc":{"start":{"line":3,"column":31},"end":{"line":3,"column":79}},"line":3}},"branchMap":{},"s":{"0":1,"1":5,"2":1,"3":1},"f":{"0":5},"b":{},"_coverageSchema":"1a1c01bbd47fc00a2c39e90264f33305004495a9","hash":"448b204bcd8998dd07146bd52565bc7a73ed0a4d"}
,"/home/jamezjaz/Microverse_Projects/Testing_Practice/divide.js": {"path":"/home/jamezjaz/Microverse_Projects/Testing_Practice/divide.js","statementMap":{"0":{"start":{"line":1,"column":15},"end":{"line":1,"column":32}},"1":{"start":{"line":1,"column":26},"end":{"line":1,"column":31}},"2":{"start":{"line":3,"column":0},"end":{"line":3,"column":24}}},"fnMap":{"0":{"name":"(anonymous_0)","decl":{"start":{"line":1,"column":15},"end":{"line":1,"column":16}},"loc":{"start":{"line":1,"column":26},"end":{"line":1,"column":31}},"line":1}},"branchMap":{},"s":{"0":1,"1":3,"2":1},"f":{"0":3},"b":{},"_coverageSchema":"1a1c01bbd47fc00a2c39e90264f33305004495a9","hash":"a18190634bc44a81978f05dcac35fc34a17e81de"}
,"/home/jamezjaz/Microverse_Projects/Testing_Practice/multiply.js": {"path":"/home/jamezjaz/Microverse_Projects/Testing_Practice/multiply.js","statementMap":{"0":{"start":{"line":1,"column":17},"end":{"line":1,"column":34}},"1":{"start":{"line":1,"column":28},"end":{"line":1,"column":33}},"2":{"start":{"line":3,"column":0},"end":{"line":3,"column":26}}},"fnMap":{"0":{"name":"(anonymous_0)","decl":{"start":{"line":1,"column":17},"end":{"line":1,"column":18}},"loc":{"start":{"line":1,"column":28},"end":{"line":1,"column":33}},"line":1}},"branchMap":{},"s":{"0":1,"1":2,"2":1},"f":{"0":2},"b":{},"_coverageSchema":"1a1c01bbd47fc00a2c39e90264f33305004495a9","hash":"4aef0977f3c326b2a2a6c6609708a573467b8d7e"}
,"/home/jamezjaz/Microverse_Projects/Testing_Practice/reverseString.js": {"path":"/home/jamezjaz/Microverse_Projects/Testing_Practice/reverseString.js","statementMap":{"0":{"start":{"line":1,"column":22},"end":{"line":1,"column":63}},"1":{"start":{"line":1,"column":31},"end":{"line":1,"column":63}},"2":{"start":{"line":3,"column":0},"end":{"line":3,"column":31}}},"fnMap":{"0":{"name":"(anonymous_0)","decl":{"start":{"line":1,"column":22},"end":{"line":1,"column":23}},"loc":{"start":{"line":1,"column":31},"end":{"line":1,"column":63}},"line":1}},"branchMap":{},"s":{"0":1,"1":3,"2":1},"f":{"0":3},"b":{},"_coverageSchema":"1a1c01bbd47fc00a2c39e90264f33305004495a9","hash":"b38432bd0510c96f5f9d975e99222b1742616f24"}
,"/home/jamezjaz/Microverse_Projects/Testing_Practice/subtract.js": {"path":"/home/jamezjaz/Microverse_Projects/Testing_Practice/subtract.js","statementMap":{"0":{"start":{"line":1,"column":17},"end":{"line":1,"column":34}},"1":{"start":{"line":1,"column":28},"end":{"line":1,"column":33}},"2":{"start":{"line":3,"column":0},"end":{"line":3,"column":26}}},"fnMap":{"0":{"name":"(anonymous_0)","decl":{"start":{"line":1,"column":17},"end":{"line":1,"column":18}},"loc":{"start":{"line":1,"column":28},"end":{"line":1,"column":33}},"line":1}},"branchMap":{},"s":{"0":1,"1":3,"2":1},"f":{"0":3},"b":{},"_coverageSchema":"1a1c01bbd47fc00a2c39e90264f33305004495a9","hash":"dd0d60f09ce875c58acae081781b13b1ec01e831"}
}
